<?xml version="1.0" encoding="UTF-8"?>
<!-- Generated by org.testng.reporters.JUnitXMLReporter -->
<testsuite ignored="0" hostname="Chitra" failures="0" tests="3" name="Default test" time="38.554" errors="0" timestamp="2025-03-29T12:38:31 IST">
  <testcase classname="practice.Tests.SubmitOrderTest" name="submitOrder" time="14.355"/>
  <testcase classname="practice.Tests.SubmitOrderTest" name="submitOrder" time="14.482"/>
  <testcase classname="practice.Tests.SubmitOrderTest" name="OrderHistoryTest" time="0.693"/>
</testsuite> <!-- Default test -->
