<?xml version="1.0" encoding="UTF-8"?>
<!-- Generated by org.testng.reporters.JUnitXMLReporter -->
<testsuite ignored="1" hostname="Chitra" failures="0" tests="2" name="Submit Order Test" time="35.96" errors="0" timestamp="2025-05-10T18:06:53 IST">
  <testcase classname="practice.Tests.SubmitOrderTest" name="submitOrder" time="14.535"/>
  <testcase classname="practice.Tests.SubmitOrderTest" name="submitOrder" time="14.304"/>
  <testcase classname="practice.Tests.SubmitOrderTest" name="OrderHistoryTest" time="0.0">
    <ignored/>
  </testcase> <!-- OrderHistoryTest -->
</testsuite> <!-- Submit Order Test -->
