<?xml version="1.0" encoding="UTF-8"?>
<!-- Generated by org.testng.reporters.JUnitXMLReporter -->
<testsuite ignored="0" hostname="Chitra" failures="0" tests="4" name="Submit Order Test" time="51.08" errors="0" timestamp="2025-05-12T11:30:47 IST">
  <testcase classname="practice.Tests.SubmitOrderTest" name="submitOrder" time="15.997"/>
  <testcase classname="practice.Tests.SubmitOrderTest" name="submitOrder" time="14.82"/>
  <testcase classname="practice.Tests.SubmitOrderTest" name="OrderHistoryTest" time="0.888"/>
  <testcase classname="practice.Tests.SubmitOrderTest" name="OrderHistoryTest" time="0.824"/>
</testsuite> <!-- Submit Order Test -->
