<?xml version="1.0" encoding="UTF-8"?>
<!-- Generated by org.testng.reporters.JUnitXMLReporter -->
<testsuite ignored="0" hostname="Chitra" failures="0" tests="4" name="Submit Order Test" time="68.446" errors="0" timestamp="2025-05-10T18:21:50 IST">
  <testcase classname="practice.Tests.SubmitOrderTest" name="submitOrder" time="14.812"/>
  <testcase classname="practice.Tests.SubmitOrderTest" name="submitOrder" time="14.846"/>
  <testcase classname="practice.Tests.SubmitOrderTest" name="OrderHistoryTest" time="0.645"/>
  <testcase classname="practice.Tests.SubmitOrderTest" name="OrderHistoryTest" time="0.911"/>
</testsuite> <!-- Submit Order Test -->
