<?xml version="1.0" encoding="UTF-8"?>
<testng-results ignored="0" total="6" passed="6" failed="0" skipped="0">
  <reporter-output>
  </reporter-output>
  <suite started-at="2025-05-12T11:29:55 IST" name="Suite" finished-at="2025-05-12T11:30:54 IST" duration-ms="59187">
    <groups>
      <group name="ErrorValidation">
        <method signature="ErrorValidations.errorValidation()[pri:0, instance:practice.Tests.ErrorValidations@7803bfd]" name="errorValidation" class="practice.Tests.ErrorValidations"/>
        <method signature="ErrorValidations.productErrorValidation()[pri:0, instance:practice.Tests.ErrorValidations@7803bfd]" name="productErrorValidation" class="practice.Tests.ErrorValidations"/>
      </group> <!-- ErrorValidation -->
      <group name="PurchaseOrder">
        <method signature="SubmitOrderTest.submitOrder(java.util.HashMap)[pri:0, instance:practice.Tests.SubmitOrderTest@39de3d36]" name="submitOrder" class="practice.Tests.SubmitOrderTest"/>
      </group> <!-- PurchaseOrder -->
    </groups>
    <test started-at="2025-05-12T11:29:55 IST" name="Submit Order Test" finished-at="2025-05-12T11:30:46 IST" duration-ms="51080">
      <class name="practice.Tests.SubmitOrderTest">
        <test-method is-config="true" signature="launchApplication()[pri:0, instance:practice.Tests.SubmitOrderTest@39de3d36]" started-at="2025-05-12T11:29:56 IST" name="launchApplication" finished-at="2025-05-12T11:30:04 IST" duration-ms="8480" status="PASS">
          <reporter-output>
          </reporter-output>
        </test-method> <!-- launchApplication -->
        <test-method signature="submitOrder(java.util.HashMap)[pri:0, instance:practice.Tests.SubmitOrderTest@39de3d36]" started-at="2025-05-12T11:30:04 IST" name="submitOrder" data-provider="getData" finished-at="2025-05-12T11:30:20 IST" duration-ms="15997" status="PASS">
          <params>
            <param index="0">
              <value>
                <![CDATA[{password=Premam95@, product=ZARA COAT 3, email=rrn@gmail.com}]]>
              </value>
            </param>
          </params>
          <reporter-output>
          </reporter-output>
        </test-method> <!-- submitOrder -->
        <test-method is-config="true" signature="tearDown()[pri:0, instance:practice.Tests.SubmitOrderTest@39de3d36]" started-at="2025-05-12T11:30:20 IST" name="tearDown" finished-at="2025-05-12T11:30:20 IST" duration-ms="109" status="PASS">
          <reporter-output>
          </reporter-output>
        </test-method> <!-- tearDown -->
        <test-method is-config="true" signature="launchApplication()[pri:0, instance:practice.Tests.SubmitOrderTest@39de3d36]" started-at="2025-05-12T11:30:20 IST" name="launchApplication" finished-at="2025-05-12T11:30:24 IST" duration-ms="3158" status="PASS">
          <reporter-output>
          </reporter-output>
        </test-method> <!-- launchApplication -->
        <test-method signature="submitOrder(java.util.HashMap)[pri:0, instance:practice.Tests.SubmitOrderTest@39de3d36]" started-at="2025-05-12T11:30:24 IST" name="submitOrder" data-provider="getData" finished-at="2025-05-12T11:30:38 IST" duration-ms="14820" status="PASS">
          <params>
            <param index="0">
              <value>
                <![CDATA[{password=Iamking@000, product=ADIDAS ORIGINAL, email=shetty@gmail.com}]]>
              </value>
            </param>
          </params>
          <reporter-output>
          </reporter-output>
        </test-method> <!-- submitOrder -->
        <test-method is-config="true" signature="tearDown()[pri:0, instance:practice.Tests.SubmitOrderTest@39de3d36]" started-at="2025-05-12T11:30:38 IST" name="tearDown" finished-at="2025-05-12T11:30:39 IST" duration-ms="93" status="PASS">
          <reporter-output>
          </reporter-output>
        </test-method> <!-- tearDown -->
        <test-method is-config="true" signature="launchApplication()[pri:0, instance:practice.Tests.SubmitOrderTest@39de3d36]" started-at="2025-05-12T11:30:39 IST" name="launchApplication" finished-at="2025-05-12T11:30:41 IST" duration-ms="2827" status="PASS">
          <reporter-output>
          </reporter-output>
        </test-method> <!-- launchApplication -->
        <test-method signature="OrderHistoryTest(java.util.HashMap)[pri:0, instance:practice.Tests.SubmitOrderTest@39de3d36]" started-at="2025-05-12T11:30:41 IST" name="OrderHistoryTest" data-provider="getData" finished-at="2025-05-12T11:30:42 IST" depends-on-methods="practice.Tests.SubmitOrderTest.submitOrder" duration-ms="888" status="PASS">
          <params>
            <param index="0">
              <value>
                <![CDATA[{password=Premam95@, product=ZARA COAT 3, email=rrn@gmail.com}]]>
              </value>
            </param>
          </params>
          <reporter-output>
          </reporter-output>
        </test-method> <!-- OrderHistoryTest -->
        <test-method is-config="true" signature="tearDown()[pri:0, instance:practice.Tests.SubmitOrderTest@39de3d36]" started-at="2025-05-12T11:30:42 IST" name="tearDown" finished-at="2025-05-12T11:30:42 IST" duration-ms="84" status="PASS">
          <reporter-output>
          </reporter-output>
        </test-method> <!-- tearDown -->
        <test-method is-config="true" signature="launchApplication()[pri:0, instance:practice.Tests.SubmitOrderTest@39de3d36]" started-at="2025-05-12T11:30:42 IST" name="launchApplication" finished-at="2025-05-12T11:30:45 IST" duration-ms="2882" status="PASS">
          <reporter-output>
          </reporter-output>
        </test-method> <!-- launchApplication -->
        <test-method signature="OrderHistoryTest(java.util.HashMap)[pri:0, instance:practice.Tests.SubmitOrderTest@39de3d36]" started-at="2025-05-12T11:30:45 IST" name="OrderHistoryTest" data-provider="getData" finished-at="2025-05-12T11:30:46 IST" depends-on-methods="practice.Tests.SubmitOrderTest.submitOrder" duration-ms="824" status="PASS">
          <params>
            <param index="0">
              <value>
                <![CDATA[{password=Iamking@000, product=ADIDAS ORIGINAL, email=shetty@gmail.com}]]>
              </value>
            </param>
          </params>
          <reporter-output>
          </reporter-output>
        </test-method> <!-- OrderHistoryTest -->
        <test-method is-config="true" signature="tearDown()[pri:0, instance:practice.Tests.SubmitOrderTest@39de3d36]" started-at="2025-05-12T11:30:46 IST" name="tearDown" finished-at="2025-05-12T11:30:46 IST" duration-ms="89" status="PASS">
          <reporter-output>
          </reporter-output>
        </test-method> <!-- tearDown -->
      </class> <!-- practice.Tests.SubmitOrderTest -->
    </test> <!-- Submit Order Test -->
    <test started-at="2025-05-12T11:30:47 IST" name="Error Validations Test" finished-at="2025-05-12T11:30:54 IST" duration-ms="7598">
      <class name="practice.Tests.ErrorValidations">
        <test-method is-config="true" signature="launchApplication()[pri:0, instance:practice.Tests.ErrorValidations@7803bfd]" started-at="2025-05-12T11:30:47 IST" name="launchApplication" finished-at="2025-05-12T11:30:49 IST" duration-ms="2801" status="PASS">
          <reporter-output>
          </reporter-output>
        </test-method> <!-- launchApplication -->
        <test-method signature="errorValidation()[pri:0, instance:practice.Tests.ErrorValidations@7803bfd]" started-at="2025-05-12T11:30:49 IST" name="errorValidation" finished-at="2025-05-12T11:30:51 IST" duration-ms="1103" status="PASS">
          <reporter-output>
          </reporter-output>
        </test-method> <!-- errorValidation -->
        <test-method is-config="true" signature="tearDown()[pri:0, instance:practice.Tests.ErrorValidations@7803bfd]" started-at="2025-05-12T11:30:51 IST" name="tearDown" finished-at="2025-05-12T11:30:51 IST" duration-ms="87" status="PASS">
          <reporter-output>
          </reporter-output>
        </test-method> <!-- tearDown -->
        <test-method is-config="true" signature="launchApplication()[pri:0, instance:practice.Tests.ErrorValidations@7803bfd]" started-at="2025-05-12T11:30:51 IST" name="launchApplication" finished-at="2025-05-12T11:30:53 IST" duration-ms="2718" status="PASS">
          <reporter-output>
          </reporter-output>
        </test-method> <!-- launchApplication -->
        <test-method signature="productErrorValidation()[pri:0, instance:practice.Tests.ErrorValidations@7803bfd]" started-at="2025-05-12T11:30:53 IST" name="productErrorValidation" finished-at="2025-05-12T11:30:54 IST" duration-ms="797" status="PASS">
          <reporter-output>
          </reporter-output>
        </test-method> <!-- productErrorValidation -->
        <test-method is-config="true" signature="tearDown()[pri:0, instance:practice.Tests.ErrorValidations@7803bfd]" started-at="2025-05-12T11:30:54 IST" name="tearDown" finished-at="2025-05-12T11:30:54 IST" duration-ms="92" status="PASS">
          <reporter-output>
          </reporter-output>
        </test-method> <!-- tearDown -->
      </class> <!-- practice.Tests.ErrorValidations -->
    </test> <!-- Error Validations Test -->
  </suite> <!-- Suite -->
</testng-results>
