<?xml version="1.0" encoding="UTF-8"?>
<testng-results ignored="0" total="6" passed="6" failed="0" skipped="0">
  <reporter-output>
  </reporter-output>
  <suite started-at="2025-05-10T18:20:41 IST" name="Suite" finished-at="2025-05-10T18:22:11 IST" duration-ms="89584">
    <groups>
      <group name="ErrorValidation">
        <method signature="ErrorValidations.errorValidation()[pri:0, instance:practice.Tests.ErrorValidations@7803bfd]" name="errorValidation" class="practice.Tests.ErrorValidations"/>
        <method signature="ErrorValidations.productErrorValidation()[pri:0, instance:practice.Tests.ErrorValidations@7803bfd]" name="productErrorValidation" class="practice.Tests.ErrorValidations"/>
      </group> <!-- ErrorValidation -->
      <group name="PurchaseOrder">
        <method signature="SubmitOrderTest.submitOrder(java.util.HashMap)[pri:0, instance:practice.Tests.SubmitOrderTest@39de3d36]" name="submitOrder" class="practice.Tests.SubmitOrderTest"/>
      </group> <!-- PurchaseOrder -->
    </groups>
    <test started-at="2025-05-10T18:20:41 IST" name="Submit Order Test" finished-at="2025-05-10T18:21:50 IST" duration-ms="68446">
      <class name="practice.Tests.SubmitOrderTest">
        <test-method is-config="true" signature="launchApplication()[pri:0, instance:practice.Tests.SubmitOrderTest@39de3d36]" started-at="2025-05-10T18:20:41 IST" name="launchApplication" finished-at="2025-05-10T18:20:49 IST" duration-ms="7833" status="PASS">
          <reporter-output>
          </reporter-output>
        </test-method> <!-- launchApplication -->
        <test-method signature="submitOrder(java.util.HashMap)[pri:0, instance:practice.Tests.SubmitOrderTest@39de3d36]" started-at="2025-05-10T18:20:49 IST" name="submitOrder" data-provider="getData" finished-at="2025-05-10T18:21:04 IST" duration-ms="14812" status="PASS">
          <params>
            <param index="0">
              <value>
                <![CDATA[{password=Premam95@, product=ZARA COAT 3, email=rrn@gmail.com}]]>
              </value>
            </param>
          </params>
          <reporter-output>
          </reporter-output>
        </test-method> <!-- submitOrder -->
        <test-method is-config="true" signature="tearDown()[pri:0, instance:practice.Tests.SubmitOrderTest@39de3d36]" started-at="2025-05-10T18:21:04 IST" name="tearDown" finished-at="2025-05-10T18:21:05 IST" duration-ms="1056" status="PASS">
          <reporter-output>
          </reporter-output>
        </test-method> <!-- tearDown -->
        <test-method is-config="true" signature="launchApplication()[pri:0, instance:practice.Tests.SubmitOrderTest@39de3d36]" started-at="2025-05-10T18:21:05 IST" name="launchApplication" finished-at="2025-05-10T18:21:13 IST" duration-ms="7366" status="PASS">
          <reporter-output>
          </reporter-output>
        </test-method> <!-- launchApplication -->
        <test-method signature="submitOrder(java.util.HashMap)[pri:0, instance:practice.Tests.SubmitOrderTest@39de3d36]" started-at="2025-05-10T18:21:13 IST" name="submitOrder" data-provider="getData" finished-at="2025-05-10T18:21:27 IST" duration-ms="14846" status="PASS">
          <params>
            <param index="0">
              <value>
                <![CDATA[{password=Iamking@000, product=ADIDAS ORIGINAL, email=shetty@gmail.com}]]>
              </value>
            </param>
          </params>
          <reporter-output>
          </reporter-output>
        </test-method> <!-- submitOrder -->
        <test-method is-config="true" signature="tearDown()[pri:0, instance:practice.Tests.SubmitOrderTest@39de3d36]" started-at="2025-05-10T18:21:27 IST" name="tearDown" finished-at="2025-05-10T18:21:28 IST" duration-ms="854" status="PASS">
          <reporter-output>
          </reporter-output>
        </test-method> <!-- tearDown -->
        <test-method is-config="true" signature="launchApplication()[pri:0, instance:practice.Tests.SubmitOrderTest@39de3d36]" started-at="2025-05-10T18:21:28 IST" name="launchApplication" finished-at="2025-05-10T18:21:37 IST" duration-ms="8627" status="PASS">
          <reporter-output>
          </reporter-output>
        </test-method> <!-- launchApplication -->
        <test-method signature="OrderHistoryTest(java.util.HashMap)[pri:0, instance:practice.Tests.SubmitOrderTest@39de3d36]" started-at="2025-05-10T18:21:37 IST" name="OrderHistoryTest" data-provider="getData" finished-at="2025-05-10T18:21:38 IST" depends-on-methods="practice.Tests.SubmitOrderTest.submitOrder" duration-ms="645" status="PASS">
          <params>
            <param index="0">
              <value>
                <![CDATA[{password=Premam95@, product=ZARA COAT 3, email=rrn@gmail.com}]]>
              </value>
            </param>
          </params>
          <reporter-output>
          </reporter-output>
        </test-method> <!-- OrderHistoryTest -->
        <test-method is-config="true" signature="tearDown()[pri:0, instance:practice.Tests.SubmitOrderTest@39de3d36]" started-at="2025-05-10T18:21:38 IST" name="tearDown" finished-at="2025-05-10T18:21:39 IST" duration-ms="1187" status="PASS">
          <reporter-output>
          </reporter-output>
        </test-method> <!-- tearDown -->
        <test-method is-config="true" signature="launchApplication()[pri:0, instance:practice.Tests.SubmitOrderTest@39de3d36]" started-at="2025-05-10T18:21:39 IST" name="launchApplication" finished-at="2025-05-10T18:21:47 IST" duration-ms="8563" status="PASS">
          <reporter-output>
          </reporter-output>
        </test-method> <!-- launchApplication -->
        <test-method signature="OrderHistoryTest(java.util.HashMap)[pri:0, instance:practice.Tests.SubmitOrderTest@39de3d36]" started-at="2025-05-10T18:21:47 IST" name="OrderHistoryTest" data-provider="getData" finished-at="2025-05-10T18:21:48 IST" depends-on-methods="practice.Tests.SubmitOrderTest.submitOrder" duration-ms="911" status="PASS">
          <params>
            <param index="0">
              <value>
                <![CDATA[{password=Iamking@000, product=ADIDAS ORIGINAL, email=shetty@gmail.com}]]>
              </value>
            </param>
          </params>
          <reporter-output>
          </reporter-output>
        </test-method> <!-- OrderHistoryTest -->
        <test-method is-config="true" signature="tearDown()[pri:0, instance:practice.Tests.SubmitOrderTest@39de3d36]" started-at="2025-05-10T18:21:48 IST" name="tearDown" finished-at="2025-05-10T18:21:50 IST" duration-ms="1454" status="PASS">
          <reporter-output>
          </reporter-output>
        </test-method> <!-- tearDown -->
      </class> <!-- practice.Tests.SubmitOrderTest -->
    </test> <!-- Submit Order Test -->
    <test started-at="2025-05-10T18:21:50 IST" name="Error Validations Test" finished-at="2025-05-10T18:22:11 IST" duration-ms="20598">
      <class name="practice.Tests.ErrorValidations">
        <test-method is-config="true" signature="launchApplication()[pri:0, instance:practice.Tests.ErrorValidations@7803bfd]" started-at="2025-05-10T18:21:50 IST" name="launchApplication" finished-at="2025-05-10T18:21:59 IST" duration-ms="8450" status="PASS">
          <reporter-output>
          </reporter-output>
        </test-method> <!-- launchApplication -->
        <test-method signature="errorValidation()[pri:0, instance:practice.Tests.ErrorValidations@7803bfd]" started-at="2025-05-10T18:21:59 IST" name="errorValidation" finished-at="2025-05-10T18:21:59 IST" duration-ms="502" status="PASS">
          <reporter-output>
          </reporter-output>
        </test-method> <!-- errorValidation -->
        <test-method is-config="true" signature="tearDown()[pri:0, instance:practice.Tests.ErrorValidations@7803bfd]" started-at="2025-05-10T18:21:59 IST" name="tearDown" finished-at="2025-05-10T18:22:01 IST" duration-ms="1383" status="PASS">
          <reporter-output>
          </reporter-output>
        </test-method> <!-- tearDown -->
        <test-method is-config="true" signature="launchApplication()[pri:0, instance:practice.Tests.ErrorValidations@7803bfd]" started-at="2025-05-10T18:22:01 IST" name="launchApplication" finished-at="2025-05-10T18:22:09 IST" duration-ms="8228" status="PASS">
          <reporter-output>
          </reporter-output>
        </test-method> <!-- launchApplication -->
        <test-method signature="productErrorValidation()[pri:0, instance:practice.Tests.ErrorValidations@7803bfd]" started-at="2025-05-10T18:22:09 IST" name="productErrorValidation" finished-at="2025-05-10T18:22:09 IST" duration-ms="507" status="PASS">
          <reporter-output>
          </reporter-output>
        </test-method> <!-- productErrorValidation -->
        <test-method is-config="true" signature="tearDown()[pri:0, instance:practice.Tests.ErrorValidations@7803bfd]" started-at="2025-05-10T18:22:09 IST" name="tearDown" finished-at="2025-05-10T18:22:11 IST" duration-ms="1524" status="PASS">
          <reporter-output>
          </reporter-output>
        </test-method> <!-- tearDown -->
      </class> <!-- practice.Tests.ErrorValidations -->
    </test> <!-- Error Validations Test -->
  </suite> <!-- Suite -->
</testng-results>
