<?xml version="1.0" encoding="UTF-8"?>
<testng-results ignored="0" total="2" passed="2" failed="0" skipped="0">
  <reporter-output>
  </reporter-output>
  <suite started-at="2025-05-10T18:06:17 IST" name="Suite" finished-at="2025-05-10T18:06:53 IST" duration-ms="35960">
    <groups>
      <group name="PurchaseOrder">
        <method signature="SubmitOrderTest.submitOrder(java.util.HashMap)[pri:0, instance:practice.Tests.SubmitOrderTest@2e8c1c9b]" name="submitOrder" class="practice.Tests.SubmitOrderTest"/>
      </group> <!-- PurchaseOrder -->
    </groups>
    <test started-at="2025-05-10T18:06:17 IST" name="Error Validations Test" finished-at="2025-05-10T18:06:17 IST" duration-ms="16">
    </test> <!-- Error Validations Test -->
    <test started-at="2025-05-10T18:06:17 IST" name="Submit Order Test" finished-at="2025-05-10T18:06:53 IST" duration-ms="35960">
      <class name="practice.Tests.SubmitOrderTest">
        <test-method is-config="true" signature="launchApplication()[pri:0, instance:practice.Tests.SubmitOrderTest@2e8c1c9b]" started-at="2025-05-10T18:06:18 IST" name="launchApplication" finished-at="2025-05-10T18:06:22 IST" duration-ms="3913" status="PASS">
          <reporter-output>
          </reporter-output>
        </test-method> <!-- launchApplication -->
        <test-method signature="submitOrder(java.util.HashMap)[pri:0, instance:practice.Tests.SubmitOrderTest@2e8c1c9b]" started-at="2025-05-10T18:06:22 IST" name="submitOrder" data-provider="getData" finished-at="2025-05-10T18:06:36 IST" duration-ms="14535" status="PASS">
          <params>
            <param index="0">
              <value>
                <![CDATA[{password=Premam95@, product=ZARA COAT 3, email=rrn@gmail.com}]]>
              </value>
            </param>
          </params>
          <reporter-output>
          </reporter-output>
        </test-method> <!-- submitOrder -->
        <test-method is-config="true" signature="tearDown()[pri:0, instance:practice.Tests.SubmitOrderTest@2e8c1c9b]" started-at="2025-05-10T18:06:36 IST" name="tearDown" finished-at="2025-05-10T18:06:36 IST" duration-ms="112" status="PASS">
          <reporter-output>
          </reporter-output>
        </test-method> <!-- tearDown -->
        <test-method is-config="true" signature="launchApplication()[pri:0, instance:practice.Tests.SubmitOrderTest@2e8c1c9b]" started-at="2025-05-10T18:06:36 IST" name="launchApplication" finished-at="2025-05-10T18:06:39 IST" duration-ms="2660" status="PASS">
          <reporter-output>
          </reporter-output>
        </test-method> <!-- launchApplication -->
        <test-method signature="submitOrder(java.util.HashMap)[pri:0, instance:practice.Tests.SubmitOrderTest@2e8c1c9b]" started-at="2025-05-10T18:06:39 IST" name="submitOrder" data-provider="getData" finished-at="2025-05-10T18:06:53 IST" duration-ms="14304" status="PASS">
          <params>
            <param index="0">
              <value>
                <![CDATA[{password=Iamking@000, product=ADIDAS ORIGINAL, email=shetty@gmail.com}]]>
              </value>
            </param>
          </params>
          <reporter-output>
          </reporter-output>
        </test-method> <!-- submitOrder -->
        <test-method is-config="true" signature="tearDown()[pri:0, instance:practice.Tests.SubmitOrderTest@2e8c1c9b]" started-at="2025-05-10T18:06:53 IST" name="tearDown" finished-at="2025-05-10T18:06:53 IST" duration-ms="82" status="PASS">
          <reporter-output>
          </reporter-output>
        </test-method> <!-- tearDown -->
      </class> <!-- practice.Tests.SubmitOrderTest -->
    </test> <!-- Submit Order Test -->
  </suite> <!-- Suite -->
</testng-results>
